
> @minh-dev/web@1.0.0 build
> next build

node.exe : ⚠ Found 
lockfile missing swc 
dependencies, 
patching...
At line:1 char:1
+ & "C:\Program Files\
nodejs/node.exe" 
"C:\Program 
Files\nodejs/node_mo 
...
+ ~~~~~~~~~~~~~~~~~~~~
~~~~~~~~~~~~~~~~~~~~~~
~~~~~~~~~~~~~~~~~~~~~~
~~~~~
    + CategoryInfo    
          : NotSpeci  
  fied: (⚠ Found lo   
 ckfil...es, patch    
ing...:String) []    
, RemoteException
    + FullyQualifiedE 
   rrorId : NativeCo  
  mmandError
 
▲ Next.js 16.1.6 (Turbopack)

  Creating an optimized production build ...
⚠ Found lockfile 
missing swc 
dependencies, 
patching...
⚠ Lockfile was 
successfully patched, 
please run "npm 
install" to ensure 
@next/swc 
dependencies are 
downloaded
⚠ Lockfile was 
successfully patched, 
please run "npm 
install" to ensure 
@next/swc 
dependencies are 
downloaded
✓ Compiled successfully in 4.8s
  Running TypeScript ...
  Collecting page data using 15 workers ...
  Generating static pages using 15 workers (0/21) ...
  Generating static pages using 15 workers (5/21) 
  Generating static pages using 15 workers (10/21) 
  Generating static pages using 15 workers (15/21) 
✓ Generating static pages using 15 workers (21/21) in 1711.6ms
  Finalizing page optimization ...

Route (app)
┌ ○ /
├ ○ /_not-found
├ ○ /about
├ ƒ /admin
├ ƒ /admin/posts
├ ƒ /admin/projects
├ ƒ /admin/settings
├ ƒ /admin/users
├ ○ /blog
├ ○ /contact
├ ○ /login
├ ○ /projects
├ ƒ /projects/[slug]
├ ○ /robots.txt
├ ○ /search
├ ○ /sitemap.xml
├ ƒ /tag/[tag]
├ ○ /tools
├ ○ /tools/clock
├ ○ /tools/ipa
├ ○ /work/experience
└ ○ /work/skills-and-tools


ƒ Proxy (Middleware)

○  (Static)   prerendered as static content
ƒ  (Dynamic)  server-rendered on demand

