
> @minh-dev/web@1.0.0 build
> next build

▲ Next.js 16.1.6 (Turbopack)

  Creating an optimized production build ...
node.exe : Turbopack 
build encountered 2 
warnings:
At line:1 char:1
+ & "C:\Program Files\
nodejs/node.exe" 
"C:\Program 
Files\nodejs/node_mo 
...
+ ~~~~~~~~~~~~~~~~~~~~
~~~~~~~~~~~~~~~~~~~~~~
~~~~~~~~~~~~~~~~~~~~~~
~~~~~
    + CategoryInfo    
          : NotSpeci  
  fied: (Turbopack    
 build encountered    
 2 warnings::Stri    
ng) [], RemoteExc    
eption
    + FullyQualifiedE 
   rrorId : NativeCo  
  mmandError
 
./apps/web/tailwind.co
nfig.ts:2:22
Module not found: 
Can't resolve 
'mini-svg-data-uri'
[0m [90m 1 |[39m 
[36mimport[39m type 
{ [33mConfig[39m } 
[36mfrom[39m [32m"t
ailwindcss"[39m[33m;
[39m
[31m[1m>[22m[39m[
90m 2 |[39m 
[36mconst[39m 
svgToDataUri 
[33m=[39m require([
32m"mini-svg-data-uri"
[39m)[33m;[39m
 [90m   |[39m       
               [31m[
1m^[22m[39m[31m[1m
^[22m[39m[31m[1m^
[22m[39m[31m[1m^[2
2m[39m[31m[1m^[22m
[39m[31m[1m^[22m[
39m[31m[1m^[22m[39
m[31m[1m^[22m[39m
[31m[1m^[22m[39m[3
1m[1m^[22m[39m[31m
[1m^[22m[39m[31m[
1m^[22m[39m[31m[1m
^[22m[39m[31m[1m^
[22m[39m[31m[1m^[2
2m[39m[31m[1m^[22m
[39m[31m[1m^[22m[
39m[31m[1m^[22m[39
m[31m[1m^[22m[39m
[31m[1m^[22m[39m[3
1m[1m^[22m[39m[31m
[1m^[22m[39m[31m[
1m^[22m[39m[31m[1m
^[22m[39m[31m[1m^
[22m[39m[31m[1m^[2
2m[39m[31m[1m^[22m
[39m[31m[1m^[22m[
39m
 [90m 3 |[39m 
[36mconst[39m {
 [90m 4 |[39m   [36
mdefault[39m[33m:[3
9m flattenColorPalette
[33m,[39m
 [90m 5 |[39m } 
[33m=[39m require([
32m"tailwindcss/lib/ut
il/flattenColorPalette
"[39m)[33m;[39m[0m



https://nextjs.org/doc
s/messages/module-not-
found


./apps/web/tailwind.co
nfig.ts:65:5
Module not found: 
Can't resolve 
'tailwindcss-animate'
[0m [90m 63 |[39m  
 }[33m,[39m
 [90m 64 |[39m   
plugins[33m:[39m [
[31m[1m>[22m[39m[
90m 65 |[39m     requ
ire([32m"tailwindcss-
animate"[39m)[33m,[
39m
 [90m    |[39m     
[31m[1m^[22m[39m[3
1m[1m^[22m[39m[31m
[1m^[22m[39m[31m[
1m^[22m[39m[31m[1m
^[22m[39m[31m[1m^
[22m[39m[31m[1m^[2
2m[39m[31m[1m^[22m
[39m[31m[1m^[22m[
39m[31m[1m^[22m[39
m[31m[1m^[22m[39m
[31m[1m^[22m[39m[3
1m[1m^[22m[39m[31m
[1m^[22m[39m[31m[
1m^[22m[39m[31m[1m
^[22m[39m[31m[1m^
[22m[39m[31m[1m^[2
2m[39m[31m[1m^[22m
[39m[31m[1m^[22m[
39m[31m[1m^[22m[39
m[31m[1m^[22m[39m
[31m[1m^[22m[39m[3
1m[1m^[22m[39m[31m
[1m^[22m[39m[31m[
1m^[22m[39m[31m[1m
^[22m[39m[31m[1m^
[22m[39m[31m[1m^[2
2m[39m[31m[1m^[22m
[39m
 [90m 66 |[39m     a
ddVariablesForColors[
33m,[39m
 [90m 67 |[39m     
[36mfunction[39m ({ 
matchUtilities[33m,[
39m theme 
}[33m:[39m any) {
 [90m 68 |[39m      
 matchUtilities([0m



https://nextjs.org/doc
s/messages/module-not-
found



> Build error occurred
Error: Turbopack 
build failed with 3 
errors:
./apps/web/app/globals
.css
Error evaluating 
Node.js code
Error: Cannot find 
module 
'mini-svg-data-uri'
Require stack:
- D:\#MyPepositoryGITH
UB\minh.dev\apps\web\t
ailwind.config.ts
    [at Function._reso
lveFilename (node:inte
rnal/modules/cjs/loade
r:1383:15)]
    [at 
Function.resolve (node
:internal/modules/help
ers:157:19)]
    [at _resolve (D:\#
MyPepositoryGITHUB\min
h.dev\node_modules\jit
i\dist\jiti.js:1:24637
8)]
    [at jiti (D:\#MyPe
positoryGITHUB\minh.de
v\node_modules\jiti\di
st\jiti.js:1:249092)]
    [at D:\#MyPeposito
ryGITHUB\minh.dev\apps
\web\tailwind.config.t
s:2:22]
    [at evalModule (D:
\#MyPepositoryGITHUB\m
inh.dev\node_modules\j
iti\dist\jiti.js:1:251
913)]
    [at jiti (D:\#MyPe
positoryGITHUB\minh.de
v\node_modules\jiti\di
st\jiti.js:1:249841)]
    [at D:\#MyPeposito
ryGITHUB\minh.dev\apps
\web\node_modules\tail
windcss\lib\lib\load-c
onfig.js:53:30]
    [at loadConfig (D:
\#MyPepositoryGITHUB\m
inh.dev\apps\web\node_
modules\tailwindcss\li
b\lib\load-config.js:5
5:6)]
    [at 
getTailwindConfig (D:\
#MyPepositoryGITHUB\mi
nh.dev\apps\web\node_m
odules\tailwindcss\lib
\lib\setupTrackingCont
ext.js:74:116)]

Import trace:
  Client Component 
Browser:
    ./apps/web/app/glo
bals.css [Client 
Component Browser]
    ./apps/web/app/lay
out.tsx [Server 
Component]


./apps/web/components/
ui/blog-card.tsx:6:1
Module not found: 
Can't resolve 
'date-fns'
[0m [90m 4 |[39m 
[36mimport[39m { 
[33mPost[39m } 
[36mfrom[39m [32m"@
/features/blog/blog.ty
pes"[39m[33m;[39m
 [90m 5 |[39m 
[36mimport[39m { [3
3mArrowUpRight[39m } 
[36mfrom[39m [32m"l
ucide-react"[39m[33m
;[39m
[31m[1m>[22m[39m[
90m 6 |[39m 
[36mimport[39m { 
format } 
[36mfrom[39m [32m"d
ate-fns"[39m[33m;[3
9m
 [90m   |[39m [31m
[1m^[22m[39m[31m[1
m^[22m[39m[31m[1m^
[22m[39m[31m[1m^[
22m[39m[31m[1m^[22
m[39m[31m[1m^[22m
[39m[31m[1m^[22m[3
9m[31m[1m^[22m[39m
[31m[1m^[22m[39m[
31m[1m^[22m[39m[31
m[1m^[22m[39m[31m
[1m^[22m[39m[31m[1
m^[22m[39m[31m[1m^
[22m[39m[31m[1m^[
22m[39m[31m[1m^[22
m[39m[31m[1m^[22m
[39m[31m[1m^[22m[3
9m[31m[1m^[22m[39m
[31m[1m^[22m[39m[
31m[1m^[22m[39m[31
m[1m^[22m[39m[31m
[1m^[22m[39m[31m[1
m^[22m[39m[31m[1m^
[22m[39m[31m[1m^[
22m[39m[31m[1m^[22
m[39m[31m[1m^[22m
[39m[31m[1m^[22m[3
9m[31m[1m^[22m[39m
[31m[1m^[22m[39m[
31m[1m^[22m[39m[31
m[1m^[22m[39m[31m
[1m^[22m[39m
 [90m 7 |[39m 
[36mimport[39m { vi 
} [36mfrom[39m [32m
"date-fns/locale"[39m
[33m;[39m
 [90m 8 |[39m
 [90m 9 |[39m 
[36mexport[39m 
[36mfunction[39m 
[33mBlogCard[39m({ 
post }[33m:[39m { 
post[33m:[39m 
[33mPost[39m }) 
{[0m



Import traces:
  Client Component 
Browser:
    ./apps/web/compone
nts/ui/blog-card.tsx 
[Client Component 
Browser]
    ./apps/web/app/(pu
blic)/blog/page.tsx 
[Client Component 
Browser]
    ./apps/web/app/(pu
blic)/blog/page.tsx 
[Server Component]

  Client Component 
SSR:
    ./apps/web/compone
nts/ui/blog-card.tsx 
[Client Component SSR]
    ./apps/web/app/(pu
blic)/blog/page.tsx 
[Client Component SSR]
    ./apps/web/app/(pu
blic)/blog/page.tsx 
[Server Component]

https://nextjs.org/doc
s/messages/module-not-
found


./apps/web/components/
ui/blog-card.tsx:7:1
Module not found: 
Can't resolve 
'date-fns/locale'
[0m [90m  5 |[39m 
[36mimport[39m { [3
3mArrowUpRight[39m } 
[36mfrom[39m [32m"l
ucide-react"[39m[33m
;[39m
 [90m  6 |[39m 
[36mimport[39m { 
format } 
[36mfrom[39m [32m"d
ate-fns"[39m[33m;[3
9m
[31m[1m>[22m[39m[
90m  7 |[39m 
[36mimport[39m { vi 
} [36mfrom[39m [32m
"date-fns/locale"[39m
[33m;[39m
 [90m    |[39m [31m
[1m^[22m[39m[31m[
1m^[22m[39m[31m[1m
^[22m[39m[31m[1m^
[22m[39m[31m[1m^[2
2m[39m[31m[1m^[22m
[39m[31m[1m^[22m[
39m[31m[1m^[22m[39
m[31m[1m^[22m[39m
[31m[1m^[22m[39m[3
1m[1m^[22m[39m[31m
[1m^[22m[39m[31m[
1m^[22m[39m[31m[1m
^[22m[39m[31m[1m^
[22m[39m[31m[1m^[2
2m[39m[31m[1m^[22m
[39m[31m[1m^[22m[
39m[31m[1m^[22m[39
m[31m[1m^[22m[39m
[31m[1m^[22m[39m[3
1m[1m^[22m[39m[31m
[1m^[22m[39m[31m[
1m^[22m[39m[31m[1m
^[22m[39m[31m[1m^
[22m[39m[31m[1m^[2
2m[39m[31m[1m^[22m
[39m[31m[1m^[22m[
39m[31m[1m^[22m[39
m[31m[1m^[22m[39m
[31m[1m^[22m[39m[3
1m[1m^[22m[39m[31m
[1m^[22m[39m[31m[
1m^[22m[39m[31m[1m
^[22m[39m[31m[1m^
[22m[39m
 [90m  8 |[39m
 [90m  9 |[39m 
[36mexport[39m 
[36mfunction[39m 
[33mBlogCard[39m({ 
post }[33m:[39m { 
post[33m:[39m 
[33mPost[39m }) {
 [90m 10 |[39m     
[36mreturn[39m ([0m



Import traces:
  Client Component 
Browser:
    ./apps/web/compone
nts/ui/blog-card.tsx 
[Client Component 
Browser]
    ./apps/web/app/(pu
blic)/blog/page.tsx 
[Client Component 
Browser]
    ./apps/web/app/(pu
blic)/blog/page.tsx 
[Server Component]

  Client Component 
SSR:
    ./apps/web/compone
nts/ui/blog-card.tsx 
[Client Component SSR]
    ./apps/web/app/(pu
blic)/blog/page.tsx 
[Client Component SSR]
    ./apps/web/app/(pu
blic)/blog/page.tsx 
[Server Component]

https://nextjs.org/doc
s/messages/module-not-
found


    at <unknown> (./ap
ps/web/components/ui/b
log-card.tsx:6:1)
    at <unknown> (http
s://nextjs.org/docs/me
ssages/module-not-foun
d)
    at <unknown> (./ap
ps/web/components/ui/b
log-card.tsx:7:1)
    at <unknown> (http
s://nextjs.org/docs/me
ssages/module-not-foun
d)
npm error Lifecycle 
script `build` failed 
with error:
npm error code 1
npm error path D:\#MyP
epositoryGITHUB\minh.d
ev\apps\web
npm error workspace 
@minh-dev/web@1.0.0
npm error location D:\
#MyPepositoryGITHUB\mi
nh.dev\apps\web
npm error command 
failed
npm error command C:\W
INDOWS\system32\cmd.ex
e /d /s /c next build
