
> @minh-dev/web@1.0.0 build
> next build

⚠ Found lockfile missing swc dependencies, patching...
▲ Next.js 16.1.6 (Turbopack)

  Creating an optimized production build ...
⚠ Found lockfile missing swc dependencies, patching...
Turbopack build encountered 2 warnings:
./apps/web/tailwind.config.ts:2:22
Module not found: Can't resolve 'mini-svg-data-uri'
[0m [90m 1 |[39m [36mimport[39m type { [33mConfig[39m } [36mfrom[39m [32m"tailwindcss"[39m[33m;[39m
[31m[1m>[22m[39m[90m 2 |[39m [36mconst[39m svgToDataUri [33m=[39m require([32m"mini-svg-data-uri"[39m)[33m;[39m
 [90m   |[39m                      [31m[1m^[22m[39m[31m[1m^[22m[39m[31m[1m^[22m[39m[31m[1m^[22m[39m[31m[1m^[22m[39m[31m[1m^[22m[39m[31m[1m^[22m[39m[31m[1m^[22m[39m[31m[1m^[22m[39m[31m[1m^[22m[39m[31m[1m^[22m[39m[31m[1m^[22m[39m[31m[1m^[22m[39m[31m[1m^[22m[39m[31m[1m^[22m[39m[31m[1m^[22m[39m[31m[1m^[22m[39m[31m[1m^[22m[39m[31m[1m^[22m[39m[31m[1m^[22m[39m[31m[1m^[22m[39m[31m[1m^[22m[39m[31m[1m^[22m[39m[31m[1m^[22m[39m[31m[1m^[22m[39m[31m[1m^[22m[39m[31m[1m^[22m[39m[31m[1m^[22m[39m
 [90m 3 |[39m [36mconst[39m {
 [90m 4 |[39m   [36mdefault[39m[33m:[39m flattenColorPalette[33m,[39m
 [90m 5 |[39m } [33m=[39m require([32m"tailwindcss/lib/util/flattenColorPalette"[39m)[33m;[39m[0m



https://nextjs.org/docs/messages/module-not-found


./apps/web/tailwind.config.ts:65:5
Module not found: Can't resolve 'tailwindcss-animate'
[0m [90m 63 |[39m   }[33m,[39m
 [90m 64 |[39m   plugins[33m:[39m [
[31m[1m>[22m[39m[90m 65 |[39m     require([32m"tailwindcss-animate"[39m)[33m,[39m
 [90m    |[39m     [31m[1m^[22m[39m[31m[1m^[22m[39m[31m[1m^[22m[39m[31m[1m^[22m[39m[31m[1m^[22m[39m[31m[1m^[22m[39m[31m[1m^[22m[39m[31m[1m^[22m[39m[31m[1m^[22m[39m[31m[1m^[22m[39m[31m[1m^[22m[39m[31m[1m^[22m[39m[31m[1m^[22m[39m[31m[1m^[22m[39m[31m[1m^[22m[39m[31m[1m^[22m[39m[31m[1m^[22m[39m[31m[1m^[22m[39m[31m[1m^[22m[39m[31m[1m^[22m[39m[31m[1m^[22m[39m[31m[1m^[22m[39m[31m[1m^[22m[39m[31m[1m^[22m[39m[31m[1m^[22m[39m[31m[1m^[22m[39m[31m[1m^[22m[39m[31m[1m^[22m[39m[31m[1m^[22m[39m[31m[1m^[22m[39m
 [90m 66 |[39m     addVariablesForColors[33m,[39m
 [90m 67 |[39m     [36mfunction[39m ({ matchUtilities[33m,[39m theme }[33m:[39m any) {
 [90m 68 |[39m       matchUtilities([0m



https://nextjs.org/docs/messages/module-not-found


⨯ Failed to patch lockfile, please try uninstalling and reinstalling next in this workspace
TypeError: fetch failed
    at ignore-listed frames {
  [cause]: Error [ConnectTimeoutError]: Connect Timeout Error (attempted addresses: 2606:4700::6810:522:443, timeout: 10000ms)
      at ignore-listed frames {
    code: 'UND_ERR_CONNECT_TIMEOUT'
  }
}
⨯ Failed to patch lockfile, please try uninstalling and reinstalling next in this workspace
TypeError: terminated
    at ignore-listed frames {
  [cause]: Error: read ECONNRESET
      at ignore-listed frames {
    errno: -4077,
    code: 'ECONNRESET',
    syscall: 'read'
  }
}

> Build error occurred
Error: Turbopack build failed with 3 errors:
./apps/web/app/globals.css
Error evaluating Node.js code
Error: Cannot find module 'autoprefixer'
Require stack:
- D:\#MyPepositoryGITHUB\minh.dev\apps\web\.next\build\chunks\[root-of-the-server]__4a07fad2._.js
- D:\#MyPepositoryGITHUB\minh.dev\apps\web\.next\build\chunks\[turbopack]_runtime.js
- D:\#MyPepositoryGITHUB\minh.dev\apps\web\.next\build\postcss.js
    [at Function._resolveFilename (node:internal/modules/cjs/loader:1383:15)]
    [at defaultResolveImpl (node:internal/modules/cjs/loader:1025:19)]
    [at resolveForCJSWithHooks (node:internal/modules/cjs/loader:1030:22)]
    [at Function._load (node:internal/modules/cjs/loader:1192:37)]
    [at TracingChannel.traceSync (node:diagnostics_channel:322:14)]
    [at wrapModuleLoad (node:internal/modules/cjs/loader:237:24)]
    [at Module.require (node:internal/modules/cjs/loader:1463:12)]
    [at require (node:internal/modules/helpers:147:16)]
    at turbopack:///[turbopack-node]/transforms/postcss.ts:49:25 [D:\#MyPepositoryGITHUB\minh.dev\apps\web\.next\build\chunks\[root-of-the-server]__4a07fad2._.js:135:33]
    [at <anonymous>]

Import trace:
  Client Component Browser:
    ./apps/web/app/globals.css [Client Component Browser]
    ./apps/web/app/layout.tsx [Server Component]


./apps/web/components/ui/blog-card.tsx:6:1
Module not found: Can't resolve 'date-fns'
[0m [90m 4 |[39m [36mimport[39m { [33mPost[39m } [36mfrom[39m [32m"@/features/blog/blog.types"[39m[33m;[39m
 [90m 5 |[39m [36mimport[39m { [33mArrowUpRight[39m } [36mfrom[39m [32m"lucide-react"[39m[33m;[39m
[31m[1m>[22m[39m[90m 6 |[39m [36mimport[39m { format } [36mfrom[39m [32m"date-fns"[39m[33m;[39m
 [90m   |[39m [31m[1m^[22m[39m[31m[1m^[22m[39m[31m[1m^[22m[39m[31m[1m^[22m[39m[31m[1m^[22m[39m[31m[1m^[22m[39m[31m[1m^[22m[39m[31m[1m^[22m[39m[31m[1m^[22m[39m[31m[1m^[22m[39m[31m[1m^[22m[39m[31m[1m^[22m[39m[31m[1m^[22m[39m[31m[1m^[22m[39m[31m[1m^[22m[39m[31m[1m^[22m[39m[31m[1m^[22m[39m[31m[1m^[22m[39m[31m[1m^[22m[39m[31m[1m^[22m[39m[31m[1m^[22m[39m[31m[1m^[22m[39m[31m[1m^[22m[39m[31m[1m^[22m[39m[31m[1m^[22m[39m[31m[1m^[22m[39m[31m[1m^[22m[39m[31m[1m^[22m[39m[31m[1m^[22m[39m[31m[1m^[22m[39m[31m[1m^[22m[39m[31m[1m^[22m[39m[31m[1m^[22m[39m[31m[1m^[22m[39m
 [90m 7 |[39m [36mimport[39m { vi } [36mfrom[39m [32m"date-fns/locale"[39m[33m;[39m
 [90m 8 |[39m
 [90m 9 |[39m [36mexport[39m [36mfunction[39m [33mBlogCard[39m({ post }[33m:[39m { post[33m:[39m [33mPost[39m }) {[0m



Import traces:
  Client Component Browser:
    ./apps/web/components/ui/blog-card.tsx [Client Component Browser]
    ./apps/web/app/(public)/blog/page.tsx [Client Component Browser]
    ./apps/web/app/(public)/blog/page.tsx [Server Component]

  Client Component SSR:
    ./apps/web/components/ui/blog-card.tsx [Client Component SSR]
    ./apps/web/app/(public)/blog/page.tsx [Client Component SSR]
    ./apps/web/app/(public)/blog/page.tsx [Server Component]

https://nextjs.org/docs/messages/module-not-found


./apps/web/components/ui/blog-card.tsx:7:1
Module not found: Can't resolve 'date-fns/locale'
[0m [90m  5 |[39m [36mimport[39m { [33mArrowUpRight[39m } [36mfrom[39m [32m"lucide-react"[39m[33m;[39m
 [90m  6 |[39m [36mimport[39m { format } [36mfrom[39m [32m"date-fns"[39m[33m;[39m
[31m[1m>[22m[39m[90m  7 |[39m [36mimport[39m { vi } [36mfrom[39m [32m"date-fns/locale"[39m[33m;[39m
 [90m    |[39m [31m[1m^[22m[39m[31m[1m^[22m[39m[31m[1m^[22m[39m[31m[1m^[22m[39m[31m[1m^[22m[39m[31m[1m^[22m[39m[31m[1m^[22m[39m[31m[1m^[22m[39m[31m[1m^[22m[39m[31m[1m^[22m[39m[31m[1m^[22m[39m[31m[1m^[22m[39m[31m[1m^[22m[39m[31m[1m^[22m[39m[31m[1m^[22m[39m[31m[1m^[22m[39m[31m[1m^[22m[39m[31m[1m^[22m[39m[31m[1m^[22m[39m[31m[1m^[22m[39m[31m[1m^[22m[39m[31m[1m^[22m[39m[31m[1m^[22m[39m[31m[1m^[22m[39m[31m[1m^[22m[39m[31m[1m^[22m[39m[31m[1m^[22m[39m[31m[1m^[22m[39m[31m[1m^[22m[39m[31m[1m^[22m[39m[31m[1m^[22m[39m[31m[1m^[22m[39m[31m[1m^[22m[39m[31m[1m^[22m[39m[31m[1m^[22m[39m[31m[1m^[22m[39m[31m[1m^[22m[39m
 [90m  8 |[39m
 [90m  9 |[39m [36mexport[39m [36mfunction[39m [33mBlogCard[39m({ post }[33m:[39m { post[33m:[39m [33mPost[39m }) {
 [90m 10 |[39m     [36mreturn[39m ([0m



Import traces:
  Client Component Browser:
    ./apps/web/components/ui/blog-card.tsx [Client Component Browser]
    ./apps/web/app/(public)/blog/page.tsx [Client Component Browser]
    ./apps/web/app/(public)/blog/page.tsx [Server Component]

  Client Component SSR:
    ./apps/web/components/ui/blog-card.tsx [Client Component SSR]
    ./apps/web/app/(public)/blog/page.tsx [Client Component SSR]
    ./apps/web/app/(public)/blog/page.tsx [Server Component]

https://nextjs.org/docs/messages/module-not-found


    at <unknown> (./apps/web/components/ui/blog-card.tsx:6:1)
    at <unknown> (https://nextjs.org/docs/messages/module-not-found)
    at <unknown> (./apps/web/components/ui/blog-card.tsx:7:1)
    at <unknown> (https://nextjs.org/docs/messages/module-not-found)
npm error Lifecycle script `build` failed with error:
npm error code 1
npm error path D:\#MyPepositoryGITHUB\minh.dev\apps\web
npm error workspace @minh-dev/web@1.0.0
npm error location D:\#MyPepositoryGITHUB\minh.dev\apps\web
npm error command failed
npm error command C:\WINDOWS\system32\cmd.exe /d /s /c next build
